<?xml version="1.0" encoding="UTF-8"?>
<!-- Generated by org.testng.reporters.JUnitReportReporter -->
<testsuite skipped="0" hostname="LAPTOP-TK96QQBN" name="com.hrms.testcases.LoginTest" tests="1" failures="0" timestamp="2020-09-10T20:00:05 EDT" time="10.674" errors="0">
  <testcase name="validLogin" time="10.674" classname="com.hrms.testcases.LoginTest"/>
  <system-out/>
</testsuite> <!-- com.hrms.testcases.LoginTest -->
