<?xml version="1.0" encoding="UTF-8"?>
<!-- Generated by org.testng.reporters.JUnitReportReporter -->
<testsuite skipped="0" hostname="LAPTOP-TK96QQBN" name="com.hrms.testcases.LoginTest" tests="4" failures="0" timestamp="2020-09-07T22:36:50 EDT" time="36.209" errors="0">
  <testcase name="invalidLogin" time="8.434" classname="com.hrms.testcases.LoginTest"/>
  <system-out/>
  <testcase name="validLogin" time="10.310" classname="com.hrms.testcases.LoginTest"/>
  <system-out/>
  <testcase name="invalidLogin" time="8.597" classname="com.hrms.testcases.LoginTest"/>
  <system-out/>
  <testcase name="invalidLogin" time="8.868" classname="com.hrms.testcases.LoginTest"/>
  <system-out/>
</testsuite> <!-- com.hrms.testcases.LoginTest -->
