<?xml version="1.0" encoding="UTF-8"?>
<!-- Generated by org.testng.reporters.JUnitReportReporter -->
<testsuite skipped="0" hostname="LAPTOP-TK96QQBN" name="com.hrms.testcases.LoginTest" tests="1" failures="0" timestamp="2020-09-09T23:34:34 EDT" time="9.737" errors="0">
  <testcase name="validLogin" time="9.737" classname="com.hrms.testcases.LoginTest"/>
  <system-out/>
</testsuite> <!-- com.hrms.testcases.LoginTest -->
